This file contains any messages produced by compilers while
running configure, to aid debugging if configure makes a mistake.

It was created by GRIST_MODEL configure A23.10.20, which was
generated by GNU Autoconf 2.69.  Invocation command line was

  $ ./configure --with-grist_swm --prefix=/THL8/home/zhangyi/grist/par_grist/bin/

## --------- ##
## Platform. ##
## --------- ##

hostname = th-hpc1-ln0
uname -m = x86_64
uname -r = 3.10.0-693.el7.x86_64
uname -s = Linux
uname -v = #1 SMP Thu Jul 6 19:56:57 EDT 2017

/usr/bin/uname -p = x86_64
/bin/uname -X     = unknown

/bin/arch              = x86_64
/usr/bin/arch -k       = unknown
/usr/convex/getsysinfo = unknown
/usr/bin/hostinfo      = unknown
/bin/machine           = unknown
/usr/bin/oslevel       = unknown
/bin/universe          = unknown

PATH: /THL8/software/python/3.10_manbaforge_4.14.0-0/bin
PATH: /THL8/software/python/3.10_manbaforge_4.14.0-0/condabin
PATH: /THL8/home/zhangyi/wangym/soft/python-lib/gdal3/bin
PATH: /THL8/home/zhangyi/wangym/soft/python-lib/proj/bin
PATH: /THL8/software/python/3.10_manbaforge_4.14.0-0/bin
PATH: /THL8/software/gcc/7.5.0/bin
PATH: /THL8/software/ncl/ncl_ncarg-6.6.2/bin
PATH: /THL8/software/intel2018.4/impi/2018.4.274/intel64/bin
PATH: /THL8/software/intel2018.4/compilers_and_libraries_2018.5.274/linux/bin/intel64
PATH: /THL8/software/intel2018.4/debugger_2018/gdb/intel64_mic/bin
PATH: /THL8/home/zhangyi/lixh/software/bin
PATH: /THL8/home/zhangyi/software/netcdf-4.0.1/bin
PATH: /THL8/home/zhangyi/software/gcc7/cdo-2.0.5/bin
PATH: /THL8/home/zhangyi/software/gcc7/nco-4.7.6/bin
PATH: /THL8/home/zhangyi/mybin
PATH: /THL8/software/ghostscript/9.21
PATH: /THL8/software/modules/4.4/bin
PATH: /usr/lib64/qt-3.3/bin
PATH: /usr/local/bin
PATH: /usr/bin
PATH: /usr/local/sbin
PATH: /usr/sbin
PATH: /THL8/software/th-tools/thTools
PATH: /THL8/home/zhangyi/.local/bin
PATH: /THL8/home/zhangyi/bin


## ----------- ##
## Core tests. ##
## ----------- ##

configure:1847: checking for a BSD-compatible install
configure:1915: result: /usr/bin/install -c
configure:1926: checking whether build environment is sane
configure:1981: result: yes
configure:2132: checking for a thread-safe mkdir -p
configure:2171: result: /usr/bin/mkdir -p
configure:2178: checking for gawk
configure:2194: found /usr/bin/gawk
configure:2205: result: gawk
configure:2216: checking whether make sets $(MAKE)
configure:2238: result: yes
configure:2267: checking whether make supports nested variables
configure:2284: result: yes
configure:2427: checking for gfortran
configure:2443: found /THL8/software/gcc/7.5.0/bin/gfortran
configure:2454: result: gfortran
configure:2480: checking for Fortran compiler version
configure:2489: gfortran --version >&5
GNU Fortran (GCC) 7.5.0
Copyright (C) 2017 Free Software Foundation, Inc.
This is free software; see the source for copying conditions.  There is NO
warranty; not even for MERCHANTABILITY or FITNESS FOR A PARTICULAR PURPOSE.

configure:2500: $? = 0
configure:2489: gfortran -v >&5
Using built-in specs.
COLLECT_GCC=gfortran
COLLECT_LTO_WRAPPER=/THL8/software/gcc/7.5.0/bin/../libexec/gcc/x86_64-redhat-linux/7.5.0/lto-wrapper
Target: x86_64-redhat-linux
Configured with: ../gcc-7.5.0/configure --prefix=/THL6/home/zhenggang1/software/gcc/7.5.0 --enable-bootstrap --enable-shared --enable-threads=posix --enable-checking=release --with-system-zlib --enable-__cxa_atexit --disable-libunwind-exceptions --enable-gnu-unique-object --enable-linker-build-id --with-linker-hash-style=gnu --enable-languages=c,c++,fortran --enable-plugin --enable-initfini-array --disable-libgcj --enable-gnu-indirect-function --with-tune=generic --with-arch_32=x86-64 --build=x86_64-redhat-linux
Thread model: posix
gcc version 7.5.0 (GCC) 
configure:2500: $? = 0
configure:2489: gfortran -V >&5
gfortran: error: unrecognized command line option '-V'
gfortran: fatal error: no input files
compilation terminated.
configure:2500: $? = 1
configure:2489: gfortran -qversion >&5
gfortran: error: unrecognized command line option '-qversion'; did you mean '--version'?
gfortran: fatal error: no input files
compilation terminated.
configure:2500: $? = 1
configure:2515: checking whether the Fortran compiler works
configure:2537: gfortran    conftest.f  >&5
configure:2541: $? = 0
configure:2589: result: yes
configure:2592: checking for Fortran compiler default output file name
configure:2594: result: a.out
configure:2600: checking for suffix of executables
configure:2607: gfortran -o conftest    conftest.f  >&5
configure:2611: $? = 0
configure:2633: result: 
configure:2649: checking whether we are cross compiling
configure:2657: gfortran -o conftest    conftest.f  >&5
configure:2661: $? = 0
configure:2668: ./conftest
configure:2672: $? = 0
configure:2687: result: no
configure:2692: checking for suffix of object files
configure:2708: gfortran -c   conftest.f >&5
configure:2712: $? = 0
configure:2733: result: o
configure:2741: checking whether we are using the GNU Fortran compiler
configure:2754: gfortran -c   conftest.F >&5
configure:2754: $? = 0
configure:2763: result: yes
configure:2769: checking whether gfortran accepts -g
configure:2780: gfortran -c -g  conftest.f >&5
configure:2780: $? = 0
configure:2788: result: yes
configure:2863: checking for ranlib
configure:2879: found /usr/bin/ranlib
configure:2890: result: ranlib
configure:12893: checking that generated files are newer than configure
configure:12899: result: done
configure:12970: creating ./config.status

## ---------------------- ##
## Running config.status. ##
## ---------------------- ##

This file was extended by GRIST_MODEL config.status A23.10.20, which was
generated by GNU Autoconf 2.69.  Invocation command line was

  CONFIG_FILES    = 
  CONFIG_HEADERS  = 
  CONFIG_LINKS    = 
  CONFIG_COMMANDS = 
  $ ./config.status 

on th-hpc1-ln0

config.status:846: creating Makefile
config.status:846: creating config.h

## ---------------- ##
## Cache variables. ##
## ---------------- ##

ac_cv_env_FCFLAGS_set=
ac_cv_env_FCFLAGS_value=
ac_cv_env_FC_set=
ac_cv_env_FC_value=
ac_cv_env_LDFLAGS_set=
ac_cv_env_LDFLAGS_value=
ac_cv_env_LIBS_set=
ac_cv_env_LIBS_value=
ac_cv_env_build_alias_set=
ac_cv_env_build_alias_value=
ac_cv_env_host_alias_set=
ac_cv_env_host_alias_value=
ac_cv_env_target_alias_set=
ac_cv_env_target_alias_value=
ac_cv_fc_compiler_gnu=yes
ac_cv_objext=o
ac_cv_path_install='/usr/bin/install -c'
ac_cv_path_mkdir=/usr/bin/mkdir
ac_cv_prog_AWK=gawk
ac_cv_prog_ac_ct_FC=gfortran
ac_cv_prog_ac_ct_RANLIB=ranlib
ac_cv_prog_fc_g=yes
ac_cv_prog_make_make_set=yes
am_cv_make_support_nested_variables=yes

## ----------------- ##
## Output variables. ##
## ----------------- ##

ACLOCAL='${SHELL} /THL8/home/zhangyi/grist/par_grist/build_grist/missing aclocal-1.13'
AMTAR='$${TAR-tar}'
AM_BACKSLASH='\'
AM_DEFAULT_V='$(AM_DEFAULT_VERBOSITY)'
AM_DEFAULT_VERBOSITY='1'
AM_V='$(V)'
AUTOCONF='${SHELL} /THL8/home/zhangyi/grist/par_grist/build_grist/missing autoconf'
AUTOHEADER='${SHELL} /THL8/home/zhangyi/grist/par_grist/build_grist/missing autoheader'
AUTOMAKE='${SHELL} /THL8/home/zhangyi/grist/par_grist/build_grist/missing automake-1.13'
AWK='gawk'
BUILD_GRIST_AMIPC_FALSE=''
BUILD_GRIST_AMIPC_TRUE='#'
BUILD_GRIST_AMIPW_FALSE=''
BUILD_GRIST_AMIPW_TRUE='#'
BUILD_GRIST_GCM_FALSE=''
BUILD_GRIST_GCM_TRUE='#'
BUILD_GRIST_LAM_AMIPW_FALSE=''
BUILD_GRIST_LAM_AMIPW_TRUE='#'
BUILD_GRIST_SCM_PHYSC_FALSE=''
BUILD_GRIST_SCM_PHYSC_TRUE='#'
BUILD_GRIST_SCM_PHYSW_FALSE=''
BUILD_GRIST_SCM_PHYSW_TRUE='#'
BUILD_GRIST_SWM_FALSE='#'
BUILD_GRIST_SWM_TRUE=''
CYGPATH_W='echo'
DEFS='-DHAVE_CONFIG_H'
ECHO_C=''
ECHO_N='-n'
ECHO_T=''
EXEEXT=''
FC='gfortran'
FCFLAGS='-g -O2'
INSTALL_DATA='${INSTALL} -m 644'
INSTALL_PROGRAM='${INSTALL}'
INSTALL_SCRIPT='${INSTALL}'
INSTALL_STRIP_PROGRAM='$(install_sh) -c -s'
LDFLAGS=''
LIBOBJS=''
LIBS=''
LTLIBOBJS=''
MAKEINFO='${SHELL} /THL8/home/zhangyi/grist/par_grist/build_grist/missing makeinfo'
MKDIR_P='/usr/bin/mkdir -p'
OBJEXT='o'
PACKAGE='grist_model'
PACKAGE_BUGREPORT='BUG-REPORT-ADDRESS'
PACKAGE_NAME='GRIST_MODEL'
PACKAGE_STRING='GRIST_MODEL A23.10.20'
PACKAGE_TARNAME='grist_model'
PACKAGE_URL=''
PACKAGE_VERSION='A23.10.20'
PATH_SEPARATOR=':'
RANLIB='ranlib'
SET_MAKE=''
SHELL='/bin/sh'
STRIP=''
VERSION='A23.10.20'
ac_ct_FC='gfortran'
am__EXEEXT_FALSE=''
am__EXEEXT_TRUE='#'
am__isrc=''
am__leading_dot='.'
am__tar='$${TAR-tar} chof - "$$tardir"'
am__untar='$${TAR-tar} xf -'
bindir='${exec_prefix}/bin'
build_alias=''
datadir='${datarootdir}'
datarootdir='${prefix}/share'
docdir='${datarootdir}/doc/${PACKAGE_TARNAME}'
dvidir='${docdir}'
exec_prefix='${prefix}'
host_alias=''
htmldir='${docdir}'
includedir='${prefix}/include'
infodir='${datarootdir}/info'
install_sh='${SHELL} /THL8/home/zhangyi/grist/par_grist/build_grist/install-sh'
libdir='${exec_prefix}/lib'
libexecdir='${exec_prefix}/libexec'
localedir='${datarootdir}/locale'
localstatedir='${prefix}/var'
mandir='${datarootdir}/man'
mkdir_p='$(MKDIR_P)'
oldincludedir='/usr/include'
pdfdir='${docdir}'
prefix='/THL8/home/zhangyi/grist/par_grist/bin'
program_transform_name='s,x,x,'
psdir='${docdir}'
sbindir='${exec_prefix}/sbin'
sharedstatedir='${prefix}/com'
sysconfdir='${prefix}/etc'
target_alias=''

## ----------- ##
## confdefs.h. ##
## ----------- ##

/* confdefs.h */
#define PACKAGE_NAME "GRIST_MODEL"
#define PACKAGE_TARNAME "grist_model"
#define PACKAGE_VERSION "A23.10.20"
#define PACKAGE_STRING "GRIST_MODEL A23.10.20"
#define PACKAGE_BUGREPORT "BUG-REPORT-ADDRESS"
#define PACKAGE_URL ""
#define PACKAGE "grist_model"
#define VERSION "A23.10.20"

configure: exit 0
